1.7|2019-11-24 08:55:46,512|b5f95b016b15c0e798a5f01841a9e957|stash|5.16.0|-||analytics.config.changed|{"newValue":"","oldValue":"","key":"POLICY_ACKNOWLEDGED"}|1574585746512|||analytics.api||
1.7|2019-11-24 08:55:46,531|b5f95b016b15c0e798a5f01841a9e957|stash|5.16.0|-||applinks.status.snapshot|{"occurrence.fecru":0,"product":"","occurrence.jira":0,"occurrence.bamboo":0,"buildNumber":"5016000","occurrence.confluence":0,"occurrence.unknown":0,"pluginVersion":"5.4.7","productVersion":"5.16.0","total":0,"occurrence.refApp":0,"occurrence.bitbucket":0,"occurrence.generic":0,"occurrence.crowd":0,"failing":0,"working":0,"applicationId":"0ad80a33-b3bf-375c-9d20-04c8e6b034a4"}|1574585746531|||applinks.analytics||
1.7|2019-11-24 08:55:47,480|b5f95b016b15c0e798a5f01841a9e957|stash|5.16.0|-||stash.throttling.fixed.configured|{"resourceName":"scm-command","tickets":25,"queueTimeoutSeconds":2}|1574585747480|||internal.throttle.analytics||
1.7|2019-11-24 08:55:47,488|b5f95b016b15c0e798a5f01841a9e957|stash|5.16.0|-||stash.throttling.fixed.configured|{"resourceName":"git-lfs","tickets":80,"queueTimeoutSeconds":0}|1574585747488|||internal.throttle.analytics||
1.7|2019-11-24 08:55:47,490|b5f95b016b15c0e798a5f01841a9e957|stash|5.16.0|-||stash.throttling.adaptive.configured|{"minTickets":8,"maxTicketsSafeForMemory":58,"maxTicketsConfigured":32,"cpuTargetLoad":0.75,"cpuPerTypicalTicket":0.01,"resourceName":"scm-hosting","cpuHistoricalWeighting":0.8,"maxTickets":32,"intervalSeconds":5,"queueTimeoutSeconds":300}|1574585747490|||internal.throttle.analytics||
1.7|2019-11-24 08:55:59,791|b5f95b016b15c0e798a5f01841a9e957|stash|5.16.0|fbdedff538720af3b8f02f66aed2a0a1||UserActivity|{"emailHash":"$2b$11$wgr1TJNVKwiK/dQBd3HKm.DYqezR91DMu0cWeZT4x8LPmVTnD2j0."}|1574585759791|||analytics.api||
1.7|2019-11-24 08:56:15,963|b5f95b016b15c0e798a5f01841a9e957|stash|5.16.0|402cf7a11ce57bc9dd49573c5aacbcf1|-529501303|stash.client.demographics|{"d_windowHeight":937,"d_browser":"","d_screenHeight":1080,"d_lang":"","d_screenWidth":1920,"d_platform":"","d_version":78,"d_windowWidth":1920}|1574585774824||74d2518d6560cad7ccb770ef8b3ca7d8|browser||
1.7|2019-11-24 08:56:24,632|b5f95b016b15c0e798a5f01841a9e957|stash|5.16.0|402cf7a11ce57bc9dd49573c5aacbcf1|-529501303|stash.client.nav.globalsettings.clicked|{}|1574585781069||74d2518d6560cad7ccb770ef8b3ca7d8|browser||
1.7|2019-11-24 08:56:29,791|b5f95b016b15c0e798a5f01841a9e957|stash|5.16.0|402cf7a11ce57bc9dd49573c5aacbcf1|-529501303|stash.client.demographics|{"d_windowHeight":969,"d_browser":"","d_screenHeight":1080,"d_lang":"","d_screenWidth":1920,"d_platform":"","d_version":78,"d_windowWidth":1920}|1574585789231||74d2518d6560cad7ccb770ef8b3ca7d8|browser||
1.7|2019-11-24 08:56:30,415|b5f95b016b15c0e798a5f01841a9e957|stash|5.16.0|402cf7a11ce57bc9dd49573c5aacbcf1|-529501303|stash.client.nav.projects.clicked|{}|1574585785999||74d2518d6560cad7ccb770ef8b3ca7d8|browser||
1.7|2019-11-24 08:56:32,492|b5f95b016b15c0e798a5f01841a9e957|stash|5.16.0|402cf7a11ce57bc9dd49573c5aacbcf1|-529501303|stash.client.project-list.item.clicked|{"filter.length":0,"project.id":1,"results.size":1,"result.index":0}|1574585790203||74d2518d6560cad7ccb770ef8b3ca7d8|browser||
1.7|2019-11-24 08:56:38,413|b5f95b016b15c0e798a5f01841a9e957|stash|5.16.0|402cf7a11ce57bc9dd49573c5aacbcf1|-529501303|stash.client.sidebar.settings.clicked|{"web.item.id":"com.atlassian.bitbucket.server.bitbucket-server-web-fragments:projects-settings-tab"}|1574585794905||74d2518d6560cad7ccb770ef8b3ca7d8|browser||
1.7|2019-11-24 08:57:33,676|b5f95b016b15c0e798a5f01841a9e957|stash|5.16.0|402cf7a11ce57bc9dd49573c5aacbcf1|-529501303|stash.client.sidebar.item.clicked|{"level":1,"is.collapsed":true,"web.item.id":"com.atlassian.bitbucket.server.bitbucket-server-web-fragments:projects-repositories-tab"}|1574585851450||74d2518d6560cad7ccb770ef8b3ca7d8|browser||
1.7|2019-11-24 08:57:38,688|b5f95b016b15c0e798a5f01841a9e957|stash|5.16.0|402cf7a11ce57bc9dd49573c5aacbcf1|-529501303|stash.client.project-repository-list.item.clicked|{"project.id":1,"repository.id":1,"result.index":0,"filter.length":0,"results.size":1}|1574585854051||74d2518d6560cad7ccb770ef8b3ca7d8|browser||
1.7|2019-11-24 08:57:38,688|b5f95b016b15c0e798a5f01841a9e957|stash|5.16.0|402cf7a11ce57bc9dd49573c5aacbcf1|-529501303|stash.client.repository-list.item.clicked|{"project.id":1,"repository.id":1}|1574585854051||74d2518d6560cad7ccb770ef8b3ca7d8|browser||
1.7|2019-11-24 08:57:42,334|b5f95b016b15c0e798a5f01841a9e957|stash|5.16.0|402cf7a11ce57bc9dd49573c5aacbcf1|-529501303|stash.client.filetable.lastmodified.succeeded|{"requestTime":148}|1574585861968||74d2518d6560cad7ccb770ef8b3ca7d8|browser||
1.7|2019-11-24 08:57:45,024|b5f95b016b15c0e798a5f01841a9e957|stash|5.16.0|402cf7a11ce57bc9dd49573c5aacbcf1|-529501303|stash.git.lfs.feature.enabled|{}|1574585865024|||bitbucket.internal.scm.git.lfs||
1.7|2019-11-24 08:57:47,346|b5f95b016b15c0e798a5f01841a9e957|stash|5.16.0|402cf7a11ce57bc9dd49573c5aacbcf1|-529501303|stash.client.sidebar.settings.clicked|{"web.item.id":"com.atlassian.bitbucket.server.bitbucket-server-web-fragments:bitbucket.repository.nav.settings"}|1574585863004||74d2518d6560cad7ccb770ef8b3ca7d8|browser||
1.7|2019-11-24 08:58:00,770|b5f95b016b15c0e798a5f01841a9e957|stash|5.16.0|402cf7a11ce57bc9dd49573c5aacbcf1|-529501303|stash.repository.hook.enabled|{"repository.id":"1","repository.project.id":"1","repositoryHookKey":""}|1574585880770|||bitbucket.hook||
1.7|2019-11-24 08:58:02,481|b5f95b016b15c0e798a5f01841a9e957|stash|5.16.0|402cf7a11ce57bc9dd49573c5aacbcf1|-529501303|stash.repository.hook.disabled|{"repository.id":"1","repository.project.id":"1","repositoryHookKey":""}|1574585882481|||bitbucket.hook||
