1.7|2019-11-24 09:12:12,333|b5f95b016b15c0e798a5f01841a9e957|stash|5.16.0|-||applinks.status.snapshot|{"occurrence.fecru":0,"product":"","occurrence.jira":0,"occurrence.bamboo":0,"buildNumber":"5016000","occurrence.confluence":0,"occurrence.unknown":0,"pluginVersion":"5.4.7","productVersion":"5.16.0","total":0,"occurrence.refApp":0,"occurrence.bitbucket":0,"occurrence.generic":0,"occurrence.crowd":0,"failing":0,"working":0,"applicationId":"0ad80a33-b3bf-375c-9d20-04c8e6b034a4"}|1574586732333|||applinks.analytics||
1.7|2019-11-24 09:12:28,421|b5f95b016b15c0e798a5f01841a9e957|stash|5.16.0|-||stash.throttling.fixed.configured|{"resourceName":"scm-command","tickets":25,"queueTimeoutSeconds":2}|1574586748421|||internal.throttle.analytics||
1.7|2019-11-24 09:12:28,433|b5f95b016b15c0e798a5f01841a9e957|stash|5.16.0|-||stash.throttling.fixed.configured|{"resourceName":"git-lfs","tickets":80,"queueTimeoutSeconds":0}|1574586748433|||internal.throttle.analytics||
1.7|2019-11-24 09:12:28,434|b5f95b016b15c0e798a5f01841a9e957|stash|5.16.0|-||stash.throttling.adaptive.configured|{"minTickets":8,"maxTicketsSafeForMemory":58,"maxTicketsConfigured":32,"cpuTargetLoad":0.75,"cpuPerTypicalTicket":0.01,"resourceName":"scm-hosting","cpuHistoricalWeighting":0.8,"maxTickets":32,"intervalSeconds":5,"queueTimeoutSeconds":300}|1574586748434|||internal.throttle.analytics||
1.7|2019-11-24 09:12:52,172|b5f95b016b15c0e798a5f01841a9e957|stash|5.16.0|fbdedff538720af3b8f02f66aed2a0a1||UserActivity|{"emailHash":"$2b$11$wgr1TJNVKwiK/dQBd3HKm.DYqezR91DMu0cWeZT4x8LPmVTnD2j0."}|1574586772172|||analytics.api||
1.7|2019-11-24 09:13:00,760|b5f95b016b15c0e798a5f01841a9e957|stash|5.16.0|402cf7a11ce57bc9dd49573c5aacbcf1|-643953568|stash.client.demographics|{"d_windowHeight":937,"d_browser":"","d_screenHeight":1080,"d_lang":"","d_screenWidth":1920,"d_platform":"","d_version":78,"d_windowWidth":1920}|1574586779655||74d2518d6560cad7ccb770ef8b3ca7d8|browser||
1.7|2019-11-24 09:13:27,059|b5f95b016b15c0e798a5f01841a9e957|stash|5.16.0|402cf7a11ce57bc9dd49573c5aacbcf1|-643953568|stash.client.nav.globalsettings.clicked|{}|1574586804915||74d2518d6560cad7ccb770ef8b3ca7d8|browser||
1.7|2019-11-24 09:13:54,100|b5f95b016b15c0e798a5f01841a9e957|stash|5.16.0|402cf7a11ce57bc9dd49573c5aacbcf1|-643953568|stash.client.nav.projects.clicked|{}|1574586832425||74d2518d6560cad7ccb770ef8b3ca7d8|browser||
1.7|2019-11-24 09:13:54,100|b5f95b016b15c0e798a5f01841a9e957|stash|5.16.0|402cf7a11ce57bc9dd49573c5aacbcf1|-643953568|stash.client.demographics|{"d_windowHeight":969,"d_browser":"","d_screenHeight":1080,"d_lang":"","d_screenWidth":1920,"d_platform":"","d_version":78,"d_windowWidth":1920}|1574586833030||74d2518d6560cad7ccb770ef8b3ca7d8|browser||
1.7|2019-11-24 09:13:58,784|b5f95b016b15c0e798a5f01841a9e957|stash|5.16.0|402cf7a11ce57bc9dd49573c5aacbcf1|-643953568|stash.client.project-list.item.clicked|{"filter.length":0,"project.id":1,"results.size":1,"result.index":0}|1574586836631||74d2518d6560cad7ccb770ef8b3ca7d8|browser||
1.7|2019-11-24 09:14:10,139|b5f95b016b15c0e798a5f01841a9e957|stash|5.16.0|402cf7a11ce57bc9dd49573c5aacbcf1|-643953568|stash.client.filetable.lastmodified.succeeded|{"requestTime":85}|1574586844507||74d2518d6560cad7ccb770ef8b3ca7d8|browser||
1.7|2019-11-24 09:14:10,139|b5f95b016b15c0e798a5f01841a9e957|stash|5.16.0|402cf7a11ce57bc9dd49573c5aacbcf1|-643953568|stash.client.sidebar.settings.clicked|{"web.item.id":"com.atlassian.bitbucket.server.bitbucket-server-web-fragments:bitbucket.repository.nav.settings"}|1574586848132||74d2518d6560cad7ccb770ef8b3ca7d8|browser||
1.7|2019-11-24 09:14:26,228|b5f95b016b15c0e798a5f01841a9e957|stash|5.16.0|402cf7a11ce57bc9dd49573c5aacbcf1|-643953568|stash.repository.hook.enabled|{"repository.id":"1","repository.project.id":"1","repositoryHookKey":""}|1574586866228|||bitbucket.hook||
1.7|2019-11-24 09:14:28,399|b5f95b016b15c0e798a5f01841a9e957|stash|5.16.0|402cf7a11ce57bc9dd49573c5aacbcf1|-643953568|stash.repository.hook.disabled|{"repository.id":"1","repository.project.id":"1","repositoryHookKey":""}|1574586868399|||bitbucket.hook||
1.7|2019-11-24 09:14:29,665|b5f95b016b15c0e798a5f01841a9e957|stash|5.16.0|402cf7a11ce57bc9dd49573c5aacbcf1|-643953568|stash.repository.hook.enabled|{"repository.id":"1","repository.project.id":"1","repositoryHookKey":"com.atlassian.bitbucket.server.bitbucket-bundled-hooks:force-push-hook"}|1574586869665|||bitbucket.hook||
1.7|2019-11-24 09:14:31,791|b5f95b016b15c0e798a5f01841a9e957|stash|5.16.0|402cf7a11ce57bc9dd49573c5aacbcf1|-643953568|stash.repository.hook.disabled|{"repository.id":"1","repository.project.id":"1","repositoryHookKey":"com.atlassian.bitbucket.server.bitbucket-bundled-hooks:force-push-hook"}|1574586871791|||bitbucket.hook||
1.7|2019-11-24 09:17:01,309|b5f95b016b15c0e798a5f01841a9e957|stash|5.16.0|-||stash.search.demographics|{"defaultHost":true,"defaultUsername":false}|1574587021309|||bitbucket.internal.search.common||
1.7|2019-11-24 09:17:01,321|b5f95b016b15c0e798a5f01841a9e957|stash|5.16.0|-||stash.search.indexing|{"codeIndexingEnabled":true}|1574587021321|||bitbucket.internal.search.indexing.analytics||
1.7|2019-11-24 09:17:01,326|b5f95b016b15c0e798a5f01841a9e957|stash|5.16.0|-||stash.search.es.version|{"elasticsearchMajorVersion":5,"elasticsearchMinorVersion":5,"elasticsearchBugfixVersion":3}|1574587021326|||bitbucket.internal.search.indexing.analytics||
1.7|2019-11-24 09:27:58,087|b5f95b016b15c0e798a5f01841a9e957|stash|5.16.0|402cf7a11ce57bc9dd49573c5aacbcf1|-643953568|stash.client.nav.projects.clicked|{}|1574587676309||74d2518d6560cad7ccb770ef8b3ca7d8|browser||
1.7|2019-11-24 09:30:18,115|b5f95b016b15c0e798a5f01841a9e957|stash|5.16.0|402cf7a11ce57bc9dd49573c5aacbcf1|-643953568|stash.client.project-list.item.clicked|{"filter.length":0,"project.id":1,"results.size":1,"result.index":0}|1574587814739||74d2518d6560cad7ccb770ef8b3ca7d8|browser||
1.7|2019-11-24 09:30:34,529|b5f95b016b15c0e798a5f01841a9e957|stash|5.16.0|402cf7a11ce57bc9dd49573c5aacbcf1|-643953568|stash.client.project-repository-list.item.clicked|{"project.id":1,"repository.id":1,"result.index":0,"filter.length":0,"results.size":1}|1574587833233||74d2518d6560cad7ccb770ef8b3ca7d8|browser||
1.7|2019-11-24 09:30:34,529|b5f95b016b15c0e798a5f01841a9e957|stash|5.16.0|402cf7a11ce57bc9dd49573c5aacbcf1|-643953568|stash.client.repository-list.item.clicked|{"project.id":1,"repository.id":1}|1574587833234||74d2518d6560cad7ccb770ef8b3ca7d8|browser||
1.7|2019-11-24 09:30:41,890|b5f95b016b15c0e798a5f01841a9e957|stash|5.16.0|402cf7a11ce57bc9dd49573c5aacbcf1|-643953568|stash.client.filetable.lastmodified.succeeded|{"requestTime":70}|1574587841440||74d2518d6560cad7ccb770ef8b3ca7d8|browser||
1.7|2019-11-24 09:31:01,196|b5f95b016b15c0e798a5f01841a9e957|stash|5.16.0|402cf7a11ce57bc9dd49573c5aacbcf1||stash.repository.cloned|{"bytesWritten":12680,"cacheResult":"MISS","bytesRead":475,"repository.project.id":"1","duration":269,"protocol":"http","repository.id":"1"}|1574587861196|||bitbucket.scm.cache.internal||
1.7|2019-11-24 09:31:21,909|b5f95b016b15c0e798a5f01841a9e957|stash|5.16.0|402cf7a11ce57bc9dd49573c5aacbcf1|-643953568|stash.client.sidebar.settings.clicked|{"web.item.id":"com.atlassian.bitbucket.server.bitbucket-server-web-fragments:bitbucket.repository.nav.settings"}|1574587881347||74d2518d6560cad7ccb770ef8b3ca7d8|browser||
1.7|2019-11-24 09:31:37,306|b5f95b016b15c0e798a5f01841a9e957|stash|5.16.0|402cf7a11ce57bc9dd49573c5aacbcf1|-643953568|stash.repository.hook.enabled|{"repository.id":"1","repository.project.id":"1","repositoryHookKey":""}|1574587897306|||bitbucket.hook||
1.7|2019-11-24 09:32:04,296|b5f95b016b15c0e798a5f01841a9e957|stash|5.16.0|402cf7a11ce57bc9dd49573c5aacbcf1||stash.repository.pushed|{"branchesDeleted":0,"tagsCreated":0,"tagsDeleted":0,"refChanges.size":"1","branchesCreated":0,"repository.project.id":"1","fork":false,"protocol":"http","repository.id":"1"}|1574587924296|||internal||
1.7|2019-11-24 09:32:04,331|b5f95b016b15c0e798a5f01841a9e957|stash|5.16.0|402cf7a11ce57bc9dd49573c5aacbcf1||stash.branchmodel.repository.pushed|{"repository.id":"1","branchType":"DEVELOPMENT","repository.project.id":"1"}|1574587924331|||bitbucket.internal.branch.analytics||
1.7|2019-11-24 09:33:54,704|b5f95b016b15c0e798a5f01841a9e957|stash|5.16.0|402cf7a11ce57bc9dd49573c5aacbcf1||stash.repository.pushed|{"branchesDeleted":0,"tagsCreated":0,"tagsDeleted":0,"refChanges.size":"1","branchesCreated":0,"repository.project.id":"1","fork":false,"protocol":"http","repository.id":"1"}|1574588034704|||internal||
1.7|2019-11-24 09:33:54,713|b5f95b016b15c0e798a5f01841a9e957|stash|5.16.0|402cf7a11ce57bc9dd49573c5aacbcf1||stash.branchmodel.repository.pushed|{"repository.id":"1","branchType":"DEVELOPMENT","repository.project.id":"1"}|1574588034713|||bitbucket.internal.branch.analytics||
1.7|2019-11-24 09:34:07,081|b5f95b016b15c0e798a5f01841a9e957|stash|5.16.0|402cf7a11ce57bc9dd49573c5aacbcf1|-643953568|stash.client.nav.projects.clicked|{}|1574588043128||74d2518d6560cad7ccb770ef8b3ca7d8|browser||
1.7|2019-11-24 09:34:13,079|b5f95b016b15c0e798a5f01841a9e957|stash|5.16.0|402cf7a11ce57bc9dd49573c5aacbcf1|-643953568|stash.client.sidebar.item.clicked|{"level":1,"is.collapsed":true,"web.item.id":"com.atlassian.bitbucket.server.bitbucket-server-web-fragments:bitbucket.repository.nav.commits"}|1574588048488||74d2518d6560cad7ccb770ef8b3ca7d8|browser||
1.7|2019-11-24 09:34:19,997|b5f95b016b15c0e798a5f01841a9e957|stash|5.16.0|402cf7a11ce57bc9dd49573c5aacbcf1|-643953568|stash.client.sidebar.item.clicked|{"level":1,"is.collapsed":true,"web.item.id":"com.atlassian.bitbucket.server.bitbucket-server-web-fragments:bitbucket.repository.nav.commits"}|1574588056569||74d2518d6560cad7ccb770ef8b3ca7d8|browser||
1.7|2019-11-24 09:34:35,237|b5f95b016b15c0e798a5f01841a9e957|stash|5.16.0|402cf7a11ce57bc9dd49573c5aacbcf1|-643953568|stash.client.nav.globalsettings.clicked|{}|1574588073296||74d2518d6560cad7ccb770ef8b3ca7d8|browser||
