[2019-11-24T17:52:03,329][INFO ][o.e.n.Node               ] [] initializing ...
[2019-11-24T17:52:03,400][INFO ][o.e.e.NodeEnvironment    ] [osz1Bu-] using [1] data paths, mounts [[(C:)]], net usable_space [83.9gb], net total_space [221.6gb], spins? [unknown], types [NTFS]
[2019-11-24T17:52:03,400][INFO ][o.e.e.NodeEnvironment    ] [osz1Bu-] heap size [1.9gb], compressed ordinary object pointers [true]
[2019-11-24T17:52:03,488][INFO ][o.e.n.Node               ] node name [osz1Bu-] derived from node ID [osz1Bu-STiOzEcnuXa0cmA]; set [node.name] to override
[2019-11-24T17:52:03,489][INFO ][o.e.n.Node               ] version[5.5.3], pid[27380], build[9305a5e/2017-09-07T15:56:59.599Z], OS[Windows 10/10.0/amd64], JVM[Oracle Corporation/Java HotSpot(TM) 64-Bit Server VM/1.8.0_191/25.191-b12]
[2019-11-24T17:52:03,489][INFO ][o.e.n.Node               ] JVM arguments [-Xms2g, -Xmx2g, -XX:+UseConcMarkSweepGC, -XX:CMSInitiatingOccupancyFraction=75, -XX:+UseCMSInitiatingOccupancyOnly, -XX:+AlwaysPreTouch, -Xss1m, -Djava.awt.headless=true, -Dfile.encoding=UTF-8, -Djna.nosys=true, -Djdk.io.permissionsUseCanonicalPath=true, -Dio.netty.noUnsafe=true, -Dio.netty.noKeySetOptimization=true, -Dio.netty.recycler.maxCapacityPerThread=0, -Dlog4j.shutdownHookEnabled=false, -Dlog4j2.disable.jmx=true, -Dlog4j.skipJansi=true, -XX:+HeapDumpOnOutOfMemoryError]
[2019-11-24T17:52:04,839][INFO ][o.e.p.PluginsService     ] [osz1Bu-] loaded module [aggs-matrix-stats]
[2019-11-24T17:52:04,839][INFO ][o.e.p.PluginsService     ] [osz1Bu-] loaded module [ingest-common]
[2019-11-24T17:52:04,839][INFO ][o.e.p.PluginsService     ] [osz1Bu-] loaded module [lang-expression]
[2019-11-24T17:52:04,839][INFO ][o.e.p.PluginsService     ] [osz1Bu-] loaded module [lang-groovy]
[2019-11-24T17:52:04,839][INFO ][o.e.p.PluginsService     ] [osz1Bu-] loaded module [lang-mustache]
[2019-11-24T17:52:04,839][INFO ][o.e.p.PluginsService     ] [osz1Bu-] loaded module [lang-painless]
[2019-11-24T17:52:04,839][INFO ][o.e.p.PluginsService     ] [osz1Bu-] loaded module [parent-join]
[2019-11-24T17:52:04,839][INFO ][o.e.p.PluginsService     ] [osz1Bu-] loaded module [percolator]
[2019-11-24T17:52:04,839][INFO ][o.e.p.PluginsService     ] [osz1Bu-] loaded module [reindex]
[2019-11-24T17:52:04,839][INFO ][o.e.p.PluginsService     ] [osz1Bu-] loaded module [transport-netty3]
[2019-11-24T17:52:04,839][INFO ][o.e.p.PluginsService     ] [osz1Bu-] loaded module [transport-netty4]
[2019-11-24T17:52:04,839][INFO ][o.e.p.PluginsService     ] [osz1Bu-] no plugins loaded
[2019-11-24T17:52:08,227][INFO ][o.e.d.DiscoveryModule    ] [osz1Bu-] using discovery type [zen]
[2019-11-24T17:52:08,567][INFO ][o.e.n.Node               ] initialized
[2019-11-24T17:52:08,567][INFO ][o.e.n.Node               ] [osz1Bu-] starting ...
[2019-11-24T17:52:11,113][ERROR][o.e.b.Bootstrap          ] [osz1Bu-] Exception
org.elasticsearch.transport.BindTransportException: Failed to bind to [7993]
	at org.elasticsearch.transport.TcpTransport.bindToPort(TcpTransport.java:793) ~[elasticsearch-5.5.3.jar:5.5.3]
	at org.elasticsearch.transport.TcpTransport.bindServer(TcpTransport.java:758) ~[elasticsearch-5.5.3.jar:5.5.3]
	at org.elasticsearch.transport.netty4.Netty4Transport.doStart(Netty4Transport.java:173) ~[?:?]
	at org.elasticsearch.common.component.AbstractLifecycleComponent.start(AbstractLifecycleComponent.java:69) ~[elasticsearch-5.5.3.jar:5.5.3]
	at org.elasticsearch.transport.TransportService.doStart(TransportService.java:209) ~[elasticsearch-5.5.3.jar:5.5.3]
	at org.elasticsearch.common.component.AbstractLifecycleComponent.start(AbstractLifecycleComponent.java:69) ~[elasticsearch-5.5.3.jar:5.5.3]
	at org.elasticsearch.node.Node.start(Node.java:692) ~[elasticsearch-5.5.3.jar:5.5.3]
	at org.elasticsearch.bootstrap.Bootstrap.start(Bootstrap.java:277) ~[elasticsearch-5.5.3.jar:5.5.3]
	at org.elasticsearch.bootstrap.Bootstrap.init(Bootstrap.java:360) [elasticsearch-5.5.3.jar:5.5.3]
	at org.elasticsearch.bootstrap.Elasticsearch.init(Elasticsearch.java:123) [elasticsearch-5.5.3.jar:5.5.3]
	at org.elasticsearch.bootstrap.Elasticsearch.execute(Elasticsearch.java:114) [elasticsearch-5.5.3.jar:5.5.3]
	at org.elasticsearch.cli.EnvironmentAwareCommand.execute(EnvironmentAwareCommand.java:67) [elasticsearch-5.5.3.jar:5.5.3]
	at org.elasticsearch.cli.Command.mainWithoutErrorHandling(Command.java:122) [elasticsearch-5.5.3.jar:5.5.3]
	at org.elasticsearch.cli.Command.main(Command.java:88) [elasticsearch-5.5.3.jar:5.5.3]
	at org.elasticsearch.bootstrap.Elasticsearch.main(Elasticsearch.java:91) [elasticsearch-5.5.3.jar:5.5.3]
	at org.elasticsearch.bootstrap.Elasticsearch.main(Elasticsearch.java:84) [elasticsearch-5.5.3.jar:5.5.3]
Caused by: java.net.BindException: Address already in use: bind
	at sun.nio.ch.Net.bind0(Native Method) ~[?:?]
	at sun.nio.ch.Net.bind(Net.java:433) ~[?:?]
	at sun.nio.ch.Net.bind(Net.java:425) ~[?:?]
	at sun.nio.ch.ServerSocketChannelImpl.bind(ServerSocketChannelImpl.java:223) ~[?:?]
	at io.netty.channel.socket.nio.NioServerSocketChannel.doBind(NioServerSocketChannel.java:128) ~[?:?]
	at io.netty.channel.AbstractChannel$AbstractUnsafe.bind(AbstractChannel.java:554) ~[?:?]
	at io.netty.channel.DefaultChannelPipeline$HeadContext.bind(DefaultChannelPipeline.java:1258) ~[?:?]
	at io.netty.channel.AbstractChannelHandlerContext.invokeBind(AbstractChannelHandlerContext.java:501) ~[?:?]
	at io.netty.channel.AbstractChannelHandlerContext.bind(AbstractChannelHandlerContext.java:486) ~[?:?]
	at io.netty.channel.DefaultChannelPipeline.bind(DefaultChannelPipeline.java:980) ~[?:?]
	at io.netty.channel.AbstractChannel.bind(AbstractChannel.java:250) ~[?:?]
	at io.netty.bootstrap.AbstractBootstrap$2.run(AbstractBootstrap.java:365) ~[?:?]
	at io.netty.util.concurrent.AbstractEventExecutor.safeExecute(AbstractEventExecutor.java:163) ~[?:?]
	at io.netty.util.concurrent.SingleThreadEventExecutor.runAllTasks(SingleThreadEventExecutor.java:403) ~[?:?]
	at io.netty.channel.nio.NioEventLoop.run(NioEventLoop.java:462) ~[?:?]
	at io.netty.util.concurrent.SingleThreadEventExecutor$5.run(SingleThreadEventExecutor.java:858) ~[?:?]
	at java.lang.Thread.run(Thread.java:748) ~[?:1.8.0_191]
[2019-11-24T17:52:11,121][WARN ][o.e.b.ElasticsearchUncaughtExceptionHandler] [] uncaught exception in thread [main]
org.elasticsearch.bootstrap.StartupException: BindTransportException[Failed to bind to [7993]]; nested: BindException[Address already in use: bind];
	at org.elasticsearch.bootstrap.Elasticsearch.init(Elasticsearch.java:127) ~[elasticsearch-5.5.3.jar:5.5.3]
	at org.elasticsearch.bootstrap.Elasticsearch.execute(Elasticsearch.java:114) ~[elasticsearch-5.5.3.jar:5.5.3]
	at org.elasticsearch.cli.EnvironmentAwareCommand.execute(EnvironmentAwareCommand.java:67) ~[elasticsearch-5.5.3.jar:5.5.3]
	at org.elasticsearch.cli.Command.mainWithoutErrorHandling(Command.java:122) ~[elasticsearch-5.5.3.jar:5.5.3]
	at org.elasticsearch.cli.Command.main(Command.java:88) ~[elasticsearch-5.5.3.jar:5.5.3]
	at org.elasticsearch.bootstrap.Elasticsearch.main(Elasticsearch.java:91) ~[elasticsearch-5.5.3.jar:5.5.3]
	at org.elasticsearch.bootstrap.Elasticsearch.main(Elasticsearch.java:84) ~[elasticsearch-5.5.3.jar:5.5.3]
Caused by: org.elasticsearch.transport.BindTransportException: Failed to bind to [7993]
	at org.elasticsearch.transport.TcpTransport.bindToPort(TcpTransport.java:793) ~[elasticsearch-5.5.3.jar:5.5.3]
	at org.elasticsearch.transport.TcpTransport.bindServer(TcpTransport.java:758) ~[elasticsearch-5.5.3.jar:5.5.3]
	at org.elasticsearch.transport.netty4.Netty4Transport.doStart(Netty4Transport.java:173) ~[?:?]
	at org.elasticsearch.common.component.AbstractLifecycleComponent.start(AbstractLifecycleComponent.java:69) ~[elasticsearch-5.5.3.jar:5.5.3]
	at org.elasticsearch.transport.TransportService.doStart(TransportService.java:209) ~[elasticsearch-5.5.3.jar:5.5.3]
	at org.elasticsearch.common.component.AbstractLifecycleComponent.start(AbstractLifecycleComponent.java:69) ~[elasticsearch-5.5.3.jar:5.5.3]
	at org.elasticsearch.node.Node.start(Node.java:692) ~[elasticsearch-5.5.3.jar:5.5.3]
	at org.elasticsearch.bootstrap.Bootstrap.start(Bootstrap.java:277) ~[elasticsearch-5.5.3.jar:5.5.3]
	at org.elasticsearch.bootstrap.Bootstrap.init(Bootstrap.java:360) ~[elasticsearch-5.5.3.jar:5.5.3]
	at org.elasticsearch.bootstrap.Elasticsearch.init(Elasticsearch.java:123) ~[elasticsearch-5.5.3.jar:5.5.3]
	... 6 more
Caused by: java.net.BindException: Address already in use: bind
	at sun.nio.ch.Net.bind0(Native Method) ~[?:?]
	at sun.nio.ch.Net.bind(Net.java:433) ~[?:?]
	at sun.nio.ch.Net.bind(Net.java:425) ~[?:?]
	at sun.nio.ch.ServerSocketChannelImpl.bind(ServerSocketChannelImpl.java:223) ~[?:?]
	at io.netty.channel.socket.nio.NioServerSocketChannel.doBind(NioServerSocketChannel.java:128) ~[?:?]
	at io.netty.channel.AbstractChannel$AbstractUnsafe.bind(AbstractChannel.java:554) ~[?:?]
	at io.netty.channel.DefaultChannelPipeline$HeadContext.bind(DefaultChannelPipeline.java:1258) ~[?:?]
	at io.netty.channel.AbstractChannelHandlerContext.invokeBind(AbstractChannelHandlerContext.java:501) ~[?:?]
	at io.netty.channel.AbstractChannelHandlerContext.bind(AbstractChannelHandlerContext.java:486) ~[?:?]
	at io.netty.channel.DefaultChannelPipeline.bind(DefaultChannelPipeline.java:980) ~[?:?]
	at io.netty.channel.AbstractChannel.bind(AbstractChannel.java:250) ~[?:?]
	at io.netty.bootstrap.AbstractBootstrap$2.run(AbstractBootstrap.java:365) ~[?:?]
	at io.netty.util.concurrent.AbstractEventExecutor.safeExecute(AbstractEventExecutor.java:163) ~[?:?]
	at io.netty.util.concurrent.SingleThreadEventExecutor.runAllTasks(SingleThreadEventExecutor.java:403) ~[?:?]
	at io.netty.channel.nio.NioEventLoop.run(NioEventLoop.java:462) ~[?:?]
	at io.netty.util.concurrent.SingleThreadEventExecutor$5.run(SingleThreadEventExecutor.java:858) ~[?:?]
	at java.lang.Thread.run(Thread.java:748) [?:1.8.0_191]
[2019-11-24T17:52:12,106][INFO ][o.e.n.Node               ] [osz1Bu-] stopping ...
[2019-11-24T17:52:12,108][INFO ][o.e.n.Node               ] [osz1Bu-] stopped
[2019-11-24T17:52:12,108][INFO ][o.e.n.Node               ] [osz1Bu-] closing ...
[2019-11-24T17:52:12,116][INFO ][o.e.n.Node               ] [osz1Bu-] closed
[2019-11-24T17:55:49,018][INFO ][o.e.n.Node               ] [] initializing ...
[2019-11-24T17:55:49,082][INFO ][o.e.e.NodeEnvironment    ] [osz1Bu-] using [1] data paths, mounts [[(C:)]], net usable_space [82.9gb], net total_space [221.6gb], spins? [unknown], types [NTFS]
[2019-11-24T17:55:49,082][INFO ][o.e.e.NodeEnvironment    ] [osz1Bu-] heap size [1.9gb], compressed ordinary object pointers [true]
[2019-11-24T17:55:49,163][INFO ][o.e.n.Node               ] node name [osz1Bu-] derived from node ID [osz1Bu-STiOzEcnuXa0cmA]; set [node.name] to override
[2019-11-24T17:55:49,163][INFO ][o.e.n.Node               ] version[5.5.3], pid[2940], build[9305a5e/2017-09-07T15:56:59.599Z], OS[Windows 10/10.0/amd64], JVM[Oracle Corporation/Java HotSpot(TM) 64-Bit Server VM/1.8.0_191/25.191-b12]
[2019-11-24T17:55:49,164][INFO ][o.e.n.Node               ] JVM arguments [-Xms2g, -Xmx2g, -XX:+UseConcMarkSweepGC, -XX:CMSInitiatingOccupancyFraction=75, -XX:+UseCMSInitiatingOccupancyOnly, -XX:+AlwaysPreTouch, -Xss1m, -Djava.awt.headless=true, -Dfile.encoding=UTF-8, -Djna.nosys=true, -Djdk.io.permissionsUseCanonicalPath=true, -Dio.netty.noUnsafe=true, -Dio.netty.noKeySetOptimization=true, -Dio.netty.recycler.maxCapacityPerThread=0, -Dlog4j.shutdownHookEnabled=false, -Dlog4j2.disable.jmx=true, -Dlog4j.skipJansi=true, -XX:+HeapDumpOnOutOfMemoryError]
[2019-11-24T17:55:50,115][INFO ][o.e.p.PluginsService     ] [osz1Bu-] loaded module [aggs-matrix-stats]
[2019-11-24T17:55:50,115][INFO ][o.e.p.PluginsService     ] [osz1Bu-] loaded module [ingest-common]
[2019-11-24T17:55:50,115][INFO ][o.e.p.PluginsService     ] [osz1Bu-] loaded module [lang-expression]
[2019-11-24T17:55:50,116][INFO ][o.e.p.PluginsService     ] [osz1Bu-] loaded module [lang-groovy]
[2019-11-24T17:55:50,116][INFO ][o.e.p.PluginsService     ] [osz1Bu-] loaded module [lang-mustache]
[2019-11-24T17:55:50,116][INFO ][o.e.p.PluginsService     ] [osz1Bu-] loaded module [lang-painless]
[2019-11-24T17:55:50,116][INFO ][o.e.p.PluginsService     ] [osz1Bu-] loaded module [parent-join]
[2019-11-24T17:55:50,116][INFO ][o.e.p.PluginsService     ] [osz1Bu-] loaded module [percolator]
[2019-11-24T17:55:50,116][INFO ][o.e.p.PluginsService     ] [osz1Bu-] loaded module [reindex]
[2019-11-24T17:55:50,116][INFO ][o.e.p.PluginsService     ] [osz1Bu-] loaded module [transport-netty3]
[2019-11-24T17:55:50,116][INFO ][o.e.p.PluginsService     ] [osz1Bu-] loaded module [transport-netty4]
[2019-11-24T17:55:50,117][INFO ][o.e.p.PluginsService     ] [osz1Bu-] no plugins loaded
[2019-11-24T17:55:53,395][INFO ][o.e.d.DiscoveryModule    ] [osz1Bu-] using discovery type [zen]
[2019-11-24T17:55:53,771][INFO ][o.e.n.Node               ] initialized
[2019-11-24T17:55:53,771][INFO ][o.e.n.Node               ] [osz1Bu-] starting ...
[2019-11-24T17:55:56,327][ERROR][o.e.b.Bootstrap          ] [osz1Bu-] Exception
org.elasticsearch.transport.BindTransportException: Failed to bind to [7993]
	at org.elasticsearch.transport.TcpTransport.bindToPort(TcpTransport.java:793) ~[elasticsearch-5.5.3.jar:5.5.3]
	at org.elasticsearch.transport.TcpTransport.bindServer(TcpTransport.java:758) ~[elasticsearch-5.5.3.jar:5.5.3]
	at org.elasticsearch.transport.netty4.Netty4Transport.doStart(Netty4Transport.java:173) ~[?:?]
	at org.elasticsearch.common.component.AbstractLifecycleComponent.start(AbstractLifecycleComponent.java:69) ~[elasticsearch-5.5.3.jar:5.5.3]
	at org.elasticsearch.transport.TransportService.doStart(TransportService.java:209) ~[elasticsearch-5.5.3.jar:5.5.3]
	at org.elasticsearch.common.component.AbstractLifecycleComponent.start(AbstractLifecycleComponent.java:69) ~[elasticsearch-5.5.3.jar:5.5.3]
	at org.elasticsearch.node.Node.start(Node.java:692) ~[elasticsearch-5.5.3.jar:5.5.3]
	at org.elasticsearch.bootstrap.Bootstrap.start(Bootstrap.java:277) ~[elasticsearch-5.5.3.jar:5.5.3]
	at org.elasticsearch.bootstrap.Bootstrap.init(Bootstrap.java:360) [elasticsearch-5.5.3.jar:5.5.3]
	at org.elasticsearch.bootstrap.Elasticsearch.init(Elasticsearch.java:123) [elasticsearch-5.5.3.jar:5.5.3]
	at org.elasticsearch.bootstrap.Elasticsearch.execute(Elasticsearch.java:114) [elasticsearch-5.5.3.jar:5.5.3]
	at org.elasticsearch.cli.EnvironmentAwareCommand.execute(EnvironmentAwareCommand.java:67) [elasticsearch-5.5.3.jar:5.5.3]
	at org.elasticsearch.cli.Command.mainWithoutErrorHandling(Command.java:122) [elasticsearch-5.5.3.jar:5.5.3]
	at org.elasticsearch.cli.Command.main(Command.java:88) [elasticsearch-5.5.3.jar:5.5.3]
	at org.elasticsearch.bootstrap.Elasticsearch.main(Elasticsearch.java:91) [elasticsearch-5.5.3.jar:5.5.3]
	at org.elasticsearch.bootstrap.Elasticsearch.main(Elasticsearch.java:84) [elasticsearch-5.5.3.jar:5.5.3]
Caused by: java.net.BindException: Address already in use: bind
	at sun.nio.ch.Net.bind0(Native Method) ~[?:?]
	at sun.nio.ch.Net.bind(Net.java:433) ~[?:?]
	at sun.nio.ch.Net.bind(Net.java:425) ~[?:?]
	at sun.nio.ch.ServerSocketChannelImpl.bind(ServerSocketChannelImpl.java:223) ~[?:?]
	at io.netty.channel.socket.nio.NioServerSocketChannel.doBind(NioServerSocketChannel.java:128) ~[?:?]
	at io.netty.channel.AbstractChannel$AbstractUnsafe.bind(AbstractChannel.java:554) ~[?:?]
	at io.netty.channel.DefaultChannelPipeline$HeadContext.bind(DefaultChannelPipeline.java:1258) ~[?:?]
	at io.netty.channel.AbstractChannelHandlerContext.invokeBind(AbstractChannelHandlerContext.java:501) ~[?:?]
	at io.netty.channel.AbstractChannelHandlerContext.bind(AbstractChannelHandlerContext.java:486) ~[?:?]
	at io.netty.channel.DefaultChannelPipeline.bind(DefaultChannelPipeline.java:980) ~[?:?]
	at io.netty.channel.AbstractChannel.bind(AbstractChannel.java:250) ~[?:?]
	at io.netty.bootstrap.AbstractBootstrap$2.run(AbstractBootstrap.java:365) ~[?:?]
	at io.netty.util.concurrent.AbstractEventExecutor.safeExecute(AbstractEventExecutor.java:163) ~[?:?]
	at io.netty.util.concurrent.SingleThreadEventExecutor.runAllTasks(SingleThreadEventExecutor.java:403) ~[?:?]
	at io.netty.channel.nio.NioEventLoop.run(NioEventLoop.java:462) ~[?:?]
	at io.netty.util.concurrent.SingleThreadEventExecutor$5.run(SingleThreadEventExecutor.java:858) ~[?:?]
	at java.lang.Thread.run(Thread.java:748) ~[?:1.8.0_191]
[2019-11-24T17:55:56,336][WARN ][o.e.b.ElasticsearchUncaughtExceptionHandler] [] uncaught exception in thread [main]
org.elasticsearch.bootstrap.StartupException: BindTransportException[Failed to bind to [7993]]; nested: BindException[Address already in use: bind];
	at org.elasticsearch.bootstrap.Elasticsearch.init(Elasticsearch.java:127) ~[elasticsearch-5.5.3.jar:5.5.3]
	at org.elasticsearch.bootstrap.Elasticsearch.execute(Elasticsearch.java:114) ~[elasticsearch-5.5.3.jar:5.5.3]
	at org.elasticsearch.cli.EnvironmentAwareCommand.execute(EnvironmentAwareCommand.java:67) ~[elasticsearch-5.5.3.jar:5.5.3]
	at org.elasticsearch.cli.Command.mainWithoutErrorHandling(Command.java:122) ~[elasticsearch-5.5.3.jar:5.5.3]
	at org.elasticsearch.cli.Command.main(Command.java:88) ~[elasticsearch-5.5.3.jar:5.5.3]
	at org.elasticsearch.bootstrap.Elasticsearch.main(Elasticsearch.java:91) ~[elasticsearch-5.5.3.jar:5.5.3]
	at org.elasticsearch.bootstrap.Elasticsearch.main(Elasticsearch.java:84) ~[elasticsearch-5.5.3.jar:5.5.3]
Caused by: org.elasticsearch.transport.BindTransportException: Failed to bind to [7993]
	at org.elasticsearch.transport.TcpTransport.bindToPort(TcpTransport.java:793) ~[elasticsearch-5.5.3.jar:5.5.3]
	at org.elasticsearch.transport.TcpTransport.bindServer(TcpTransport.java:758) ~[elasticsearch-5.5.3.jar:5.5.3]
	at org.elasticsearch.transport.netty4.Netty4Transport.doStart(Netty4Transport.java:173) ~[?:?]
	at org.elasticsearch.common.component.AbstractLifecycleComponent.start(AbstractLifecycleComponent.java:69) ~[elasticsearch-5.5.3.jar:5.5.3]
	at org.elasticsearch.transport.TransportService.doStart(TransportService.java:209) ~[elasticsearch-5.5.3.jar:5.5.3]
	at org.elasticsearch.common.component.AbstractLifecycleComponent.start(AbstractLifecycleComponent.java:69) ~[elasticsearch-5.5.3.jar:5.5.3]
	at org.elasticsearch.node.Node.start(Node.java:692) ~[elasticsearch-5.5.3.jar:5.5.3]
	at org.elasticsearch.bootstrap.Bootstrap.start(Bootstrap.java:277) ~[elasticsearch-5.5.3.jar:5.5.3]
	at org.elasticsearch.bootstrap.Bootstrap.init(Bootstrap.java:360) ~[elasticsearch-5.5.3.jar:5.5.3]
	at org.elasticsearch.bootstrap.Elasticsearch.init(Elasticsearch.java:123) ~[elasticsearch-5.5.3.jar:5.5.3]
	... 6 more
Caused by: java.net.BindException: Address already in use: bind
	at sun.nio.ch.Net.bind0(Native Method) ~[?:?]
	at sun.nio.ch.Net.bind(Net.java:433) ~[?:?]
	at sun.nio.ch.Net.bind(Net.java:425) ~[?:?]
	at sun.nio.ch.ServerSocketChannelImpl.bind(ServerSocketChannelImpl.java:223) ~[?:?]
	at io.netty.channel.socket.nio.NioServerSocketChannel.doBind(NioServerSocketChannel.java:128) ~[?:?]
	at io.netty.channel.AbstractChannel$AbstractUnsafe.bind(AbstractChannel.java:554) ~[?:?]
	at io.netty.channel.DefaultChannelPipeline$HeadContext.bind(DefaultChannelPipeline.java:1258) ~[?:?]
	at io.netty.channel.AbstractChannelHandlerContext.invokeBind(AbstractChannelHandlerContext.java:501) ~[?:?]
	at io.netty.channel.AbstractChannelHandlerContext.bind(AbstractChannelHandlerContext.java:486) ~[?:?]
	at io.netty.channel.DefaultChannelPipeline.bind(DefaultChannelPipeline.java:980) ~[?:?]
	at io.netty.channel.AbstractChannel.bind(AbstractChannel.java:250) ~[?:?]
	at io.netty.bootstrap.AbstractBootstrap$2.run(AbstractBootstrap.java:365) ~[?:?]
	at io.netty.util.concurrent.AbstractEventExecutor.safeExecute(AbstractEventExecutor.java:163) ~[?:?]
	at io.netty.util.concurrent.SingleThreadEventExecutor.runAllTasks(SingleThreadEventExecutor.java:403) ~[?:?]
	at io.netty.channel.nio.NioEventLoop.run(NioEventLoop.java:462) ~[?:?]
	at io.netty.util.concurrent.SingleThreadEventExecutor$5.run(SingleThreadEventExecutor.java:858) ~[?:?]
	at java.lang.Thread.run(Thread.java:748) [?:1.8.0_191]
[2019-11-24T17:55:57,318][INFO ][o.e.n.Node               ] [osz1Bu-] stopping ...
[2019-11-24T17:55:57,320][INFO ][o.e.n.Node               ] [osz1Bu-] stopped
[2019-11-24T17:55:57,320][INFO ][o.e.n.Node               ] [osz1Bu-] closing ...
[2019-11-24T17:55:57,332][INFO ][o.e.n.Node               ] [osz1Bu-] closed
